2019-03-20 13:14:21.120  INFO 6704 --- [restartedMain] com.mkaz.website.WebsiteApplication      : Starting WebsiteApplication on WD140 with PID 6704 (C:\Users\Kazmyryk.M\IdeaProjects\website\target\classes started by Kazmyryk.M in C:\Users\Kazmyryk.M\IdeaProjects\website)
2019-03-20 13:14:21.120  INFO 6704 --- [restartedMain] com.mkaz.website.WebsiteApplication      : No active profile set, falling back to default profiles: default
2019-03-20 13:14:21.151  INFO 6704 --- [restartedMain] .e.DevToolsPropertyDefaultsPostProcessor : Devtools property defaults active! Set 'spring.devtools.add-properties' to 'false' to disable
2019-03-20 13:14:21.151  INFO 6704 --- [restartedMain] .e.DevToolsPropertyDefaultsPostProcessor : For additional web related logging consider setting the 'logging.level.web' property to 'DEBUG'
2019-03-20 13:14:21.588  INFO 6704 --- [restartedMain] .s.d.r.c.RepositoryConfigurationDelegate : Bootstrapping Spring Data repositories in DEFAULT mode.
2019-03-20 13:14:21.636  INFO 6704 --- [restartedMain] .s.d.r.c.RepositoryConfigurationDelegate : Finished Spring Data repository scanning in 48ms. Found 3 repository interfaces.
2019-03-20 13:14:21.885  INFO 6704 --- [restartedMain] trationDelegate$BeanPostProcessorChecker : Bean 'org.springframework.transaction.annotation.ProxyTransactionManagementConfiguration' of type [org.springframework.transaction.annotation.ProxyTransactionManagementConfiguration$$EnhancerBySpringCGLIB$$a27a2672] is not eligible for getting processed by all BeanPostProcessors (for example: not eligible for auto-proxying)
2019-03-20 13:14:22.119  INFO 6704 --- [restartedMain] o.s.b.w.embedded.tomcat.TomcatWebServer  : Tomcat initialized with port(s): 8080 (http)
2019-03-20 13:14:22.135  INFO 6704 --- [restartedMain] o.apache.catalina.core.StandardService   : Starting service [Tomcat]
2019-03-20 13:14:22.135  INFO 6704 --- [restartedMain] org.apache.catalina.core.StandardEngine  : Starting Servlet Engine: Apache Tomcat/9.0.13
2019-03-20 13:14:22.135  INFO 6704 --- [restartedMain] o.a.catalina.core.AprLifecycleListener   : The APR based Apache Tomcat Native library which allows optimal performance in production environments was not found on the java.library.path: [D:\Kazmyryk\JDK64\bin;C:\Windows\Sun\Java\bin;C:\Windows\system32;C:\Windows;C:\Program Files (x86)\Intel\iCLS Client\;C:\Program Files\Intel\iCLS Client\;C:\Windows\system32;C:\Windows;C:\Windows\System32\Wbem;C:\Windows\System32\WindowsPowerShell\v1.0\;C:\Program Files (x86)\Intel\UCRT\;C:\Program Files\Intel\UCRT\;C:\Program Files (x86)\Intel\Intel(R) Management Engine Components\DAL;C:\Program Files\Intel\Intel(R) Management Engine Components\DAL;C:\Program Files (x86)\Intel\Intel(R) Management Engine Components\IPT;C:\Program Files\Intel\Intel(R) Management Engine Components\IPT;C:\Program Files\TortoiseSVN\bin;C:\Program Files (x86)\NVIDIA Corporation\PhysX\Common;.]
2019-03-20 13:14:22.197  INFO 6704 --- [restartedMain] o.a.c.c.C.[Tomcat].[localhost].[/]       : Initializing Spring embedded WebApplicationContext
2019-03-20 13:14:22.197  INFO 6704 --- [restartedMain] o.s.web.context.ContextLoader            : Root WebApplicationContext: initialization completed in 1046 ms
2019-03-20 13:14:22.291  INFO 6704 --- [restartedMain] com.zaxxer.hikari.HikariDataSource       : HikariPool-1 - Starting...
2019-03-20 13:14:22.416  INFO 6704 --- [restartedMain] com.zaxxer.hikari.HikariDataSource       : HikariPool-1 - Start completed.
2019-03-20 13:14:22.447  INFO 6704 --- [restartedMain] o.hibernate.jpa.internal.util.LogHelper  : HHH000204: Processing PersistenceUnitInfo [
	name: default
	...]
2019-03-20 13:14:22.478  INFO 6704 --- [restartedMain] org.hibernate.Version                    : HHH000412: Hibernate Core {5.3.7.Final}
2019-03-20 13:14:22.478  INFO 6704 --- [restartedMain] org.hibernate.cfg.Environment            : HHH000206: hibernate.properties not found
2019-03-20 13:14:22.556  INFO 6704 --- [restartedMain] o.hibernate.annotations.common.Version   : HCANN000001: Hibernate Commons Annotations {5.0.4.Final}
2019-03-20 13:14:22.634  INFO 6704 --- [restartedMain] org.hibernate.dialect.Dialect            : HHH000400: Using dialect: org.hibernate.dialect.PostgreSQL9Dialect
2019-03-20 13:14:22.774  INFO 6704 --- [restartedMain] o.h.e.j.e.i.LobCreatorBuilderImpl        : HHH000421: Disabling contextual LOB creation as hibernate.jdbc.lob.non_contextual_creation is true
2019-03-20 13:14:22.774  INFO 6704 --- [restartedMain] org.hibernate.type.BasicTypeRegistry     : HHH000270: Type registration [java.util.UUID] overrides previous : org.hibernate.type.UUIDBinaryType@48457555
2019-03-20 13:14:23.180  INFO 6704 --- [restartedMain] j.LocalContainerEntityManagerFactoryBean : Initialized JPA EntityManagerFactory for persistence unit 'default'
2019-03-20 13:14:23.211  INFO 6704 --- [restartedMain] o.s.b.d.a.OptionalLiveReloadServer       : LiveReload server is running on port 35729
2019-03-20 13:14:23.539  INFO 6704 --- [restartedMain] o.s.s.web.DefaultSecurityFilterChain     : Creating filter chain: any request, [org.springframework.security.web.context.request.async.WebAsyncManagerIntegrationFilter@14829a3, org.springframework.security.web.context.SecurityContextPersistenceFilter@1def2849, org.springframework.security.web.header.HeaderWriterFilter@48ddc4ba, org.springframework.security.web.csrf.CsrfFilter@7479a7a3, org.springframework.security.web.authentication.logout.LogoutFilter@16dfc33e, org.springframework.security.web.authentication.UsernamePasswordAuthenticationFilter@37baaf9c, org.springframework.security.web.savedrequest.RequestCacheAwareFilter@5dfd57a5, org.springframework.security.web.servletapi.SecurityContextHolderAwareRequestFilter@7be5f633, org.springframework.security.web.authentication.AnonymousAuthenticationFilter@25bc5b72, org.springframework.security.web.session.SessionManagementFilter@b9cb55a, org.springframework.security.web.access.ExceptionTranslationFilter@b9b336f, org.springframework.security.web.access.intercept.FilterSecurityInterceptor@b82e6b6]
2019-03-20 13:14:23.649  INFO 6704 --- [restartedMain] o.s.s.concurrent.ThreadPoolTaskExecutor  : Initializing ExecutorService 'applicationTaskExecutor'
2019-03-20 13:14:23.680  WARN 6704 --- [restartedMain] aWebConfiguration$JpaWebMvcConfiguration : spring.jpa.open-in-view is enabled by default. Therefore, database queries may be performed during view rendering. Explicitly configure spring.jpa.open-in-view to disable this warning
2019-03-20 13:14:23.836  INFO 6704 --- [restartedMain] o.s.b.w.embedded.tomcat.TomcatWebServer  : Tomcat started on port(s): 8080 (http) with context path ''
2019-03-20 13:14:23.836  INFO 6704 --- [restartedMain] com.mkaz.website.WebsiteApplication      : Started WebsiteApplication in 2.935 seconds (JVM running for 6.444)
2019-03-20 13:14:35.362  INFO 6704 --- [http-nio-8080-exec-1] o.a.c.c.C.[Tomcat].[localhost].[/]       : Initializing Spring DispatcherServlet 'dispatcherServlet'
2019-03-20 13:14:35.362  INFO 6704 --- [http-nio-8080-exec-1] o.s.web.servlet.DispatcherServlet        : Initializing Servlet 'dispatcherServlet'
2019-03-20 13:14:35.369  INFO 6704 --- [http-nio-8080-exec-1] o.s.web.servlet.DispatcherServlet        : Completed initialization in 7 ms
2019-03-20 13:15:01.889  INFO 6704 --- [http-nio-8080-exec-3] o.h.h.i.QueryTranslatorFactoryInitiator  : HHH000397: Using ASTQueryTranslatorFactory
2019-03-20 13:15:01.940 DEBUG 6704 --- [http-nio-8080-exec-3] org.hibernate.SQL                        : select user0_.user_id as user_id1_2_, user0_.email as email2_2_, user0_.first_name as first_na3_2_, user0_.enabled as enabled4_2_, user0_.last_name as last_nam5_2_, user0_.password as password6_2_, user0_.user_name as user_nam7_2_ from users user0_ where user0_.user_name=?
2019-03-20 13:15:01.943 TRACE 6704 --- [http-nio-8080-exec-3] o.h.type.descriptor.sql.BasicBinder      : binding parameter [1] as [VARCHAR] - [mida]
2019-03-20 13:15:02.028 DEBUG 6704 --- [http-nio-8080-exec-3] org.hibernate.SQL                        : select role0_.role_id as role_id1_1_, role0_.role_name as role_nam2_1_ from roles role0_ where role0_.role_name=?
2019-03-20 13:15:02.028 TRACE 6704 --- [http-nio-8080-exec-3] o.h.type.descriptor.sql.BasicBinder      : binding parameter [1] as [VARCHAR] - [ROLE_ADMIN]
2019-03-20 13:15:02.039 DEBUG 6704 --- [http-nio-8080-exec-3] org.hibernate.SQL                        : select users0_.role_id as role_id2_3_0_, users0_.user_id as user_id1_3_0_, user1_.user_id as user_id1_2_1_, user1_.email as email2_2_1_, user1_.first_name as first_na3_2_1_, user1_.enabled as enabled4_2_1_, user1_.last_name as last_nam5_2_1_, user1_.password as password6_2_1_, user1_.user_name as user_nam7_2_1_ from users_roles users0_ inner join users user1_ on users0_.user_id=user1_.user_id where users0_.role_id=?
2019-03-20 13:15:02.040 TRACE 6704 --- [http-nio-8080-exec-3] o.h.type.descriptor.sql.BasicBinder      : binding parameter [1] as [BIGINT] - [1]
2019-03-20 13:15:02.053 DEBUG 6704 --- [http-nio-8080-exec-3] org.hibernate.SQL                        : select nextval ('hibernate_sequence')
2019-03-20 13:15:02.070 DEBUG 6704 --- [http-nio-8080-exec-3] org.hibernate.SQL                        : insert into users (email, first_name, enabled, last_name, password, user_name, user_id) values (?, ?, ?, ?, ?, ?, ?)
2019-03-20 13:15:02.070 TRACE 6704 --- [http-nio-8080-exec-3] o.h.type.descriptor.sql.BasicBinder      : binding parameter [1] as [VARCHAR] - [madmax061991@gmail.com]
2019-03-20 13:15:02.071 TRACE 6704 --- [http-nio-8080-exec-3] o.h.type.descriptor.sql.BasicBinder      : binding parameter [2] as [VARCHAR] - [Max]
2019-03-20 13:15:02.071 TRACE 6704 --- [http-nio-8080-exec-3] o.h.type.descriptor.sql.BasicBinder      : binding parameter [3] as [BOOLEAN] - [true]
2019-03-20 13:15:02.071 TRACE 6704 --- [http-nio-8080-exec-3] o.h.type.descriptor.sql.BasicBinder      : binding parameter [4] as [VARCHAR] - [Kazmyryk]
2019-03-20 13:15:02.071 TRACE 6704 --- [http-nio-8080-exec-3] o.h.type.descriptor.sql.BasicBinder      : binding parameter [5] as [VARCHAR] - [$2a$10$CmpyWmaeVRePeSMp.EIAxehxRlIhhlxrRViOmDhi/L/ZTek5sv3yG]
2019-03-20 13:15:02.071 TRACE 6704 --- [http-nio-8080-exec-3] o.h.type.descriptor.sql.BasicBinder      : binding parameter [6] as [VARCHAR] - [mida]
2019-03-20 13:15:02.071 TRACE 6704 --- [http-nio-8080-exec-3] o.h.type.descriptor.sql.BasicBinder      : binding parameter [7] as [BIGINT] - [3]
2019-03-20 13:15:02.075 DEBUG 6704 --- [http-nio-8080-exec-3] org.hibernate.SQL                        : insert into users_roles (user_id, role_id) values (?, ?)
2019-03-20 13:15:02.075 TRACE 6704 --- [http-nio-8080-exec-3] o.h.type.descriptor.sql.BasicBinder      : binding parameter [1] as [BIGINT] - [3]
2019-03-20 13:15:02.075 TRACE 6704 --- [http-nio-8080-exec-3] o.h.type.descriptor.sql.BasicBinder      : binding parameter [2] as [BIGINT] - [1]
2019-03-20 13:20:55.868  INFO 6580 --- [restartedMain] com.mkaz.website.WebsiteApplication      : Starting WebsiteApplication on WD140 with PID 6580 (C:\Users\Kazmyryk.M\IdeaProjects\website\target\classes started by Kazmyryk.M in C:\Users\Kazmyryk.M\IdeaProjects\website)
2019-03-20 13:20:55.870  INFO 6580 --- [restartedMain] com.mkaz.website.WebsiteApplication      : No active profile set, falling back to default profiles: default
2019-03-20 13:20:55.898  INFO 6580 --- [restartedMain] .e.DevToolsPropertyDefaultsPostProcessor : Devtools property defaults active! Set 'spring.devtools.add-properties' to 'false' to disable
2019-03-20 13:20:55.898  INFO 6580 --- [restartedMain] .e.DevToolsPropertyDefaultsPostProcessor : For additional web related logging consider setting the 'logging.level.web' property to 'DEBUG'
2019-03-20 13:20:56.357  INFO 6580 --- [restartedMain] .s.d.r.c.RepositoryConfigurationDelegate : Bootstrapping Spring Data repositories in DEFAULT mode.
2019-03-20 13:20:56.403  INFO 6580 --- [restartedMain] .s.d.r.c.RepositoryConfigurationDelegate : Finished Spring Data repository scanning in 42ms. Found 3 repository interfaces.
2019-03-20 13:20:56.665  INFO 6580 --- [restartedMain] trationDelegate$BeanPostProcessorChecker : Bean 'org.springframework.transaction.annotation.ProxyTransactionManagementConfiguration' of type [org.springframework.transaction.annotation.ProxyTransactionManagementConfiguration$$EnhancerBySpringCGLIB$$b778413f] is not eligible for getting processed by all BeanPostProcessors (for example: not eligible for auto-proxying)
2019-03-20 13:20:56.912  INFO 6580 --- [restartedMain] o.s.b.w.embedded.tomcat.TomcatWebServer  : Tomcat initialized with port(s): 8080 (http)
2019-03-20 13:20:56.926  INFO 6580 --- [restartedMain] o.apache.catalina.core.StandardService   : Starting service [Tomcat]
2019-03-20 13:20:56.926  INFO 6580 --- [restartedMain] org.apache.catalina.core.StandardEngine  : Starting Servlet Engine: Apache Tomcat/9.0.13
2019-03-20 13:20:56.931  INFO 6580 --- [restartedMain] o.a.catalina.core.AprLifecycleListener   : The APR based Apache Tomcat Native library which allows optimal performance in production environments was not found on the java.library.path: [D:\Kazmyryk\JDK64\bin;C:\Windows\Sun\Java\bin;C:\Windows\system32;C:\Windows;C:\Program Files (x86)\Intel\iCLS Client\;C:\Program Files\Intel\iCLS Client\;C:\Windows\system32;C:\Windows;C:\Windows\System32\Wbem;C:\Windows\System32\WindowsPowerShell\v1.0\;C:\Program Files (x86)\Intel\UCRT\;C:\Program Files\Intel\UCRT\;C:\Program Files (x86)\Intel\Intel(R) Management Engine Components\DAL;C:\Program Files\Intel\Intel(R) Management Engine Components\DAL;C:\Program Files (x86)\Intel\Intel(R) Management Engine Components\IPT;C:\Program Files\Intel\Intel(R) Management Engine Components\IPT;C:\Program Files\TortoiseSVN\bin;C:\Program Files (x86)\NVIDIA Corporation\PhysX\Common;.]
2019-03-20 13:20:56.994  INFO 6580 --- [restartedMain] o.a.c.c.C.[Tomcat].[localhost].[/]       : Initializing Spring embedded WebApplicationContext
2019-03-20 13:20:56.995  INFO 6580 --- [restartedMain] o.s.web.context.ContextLoader            : Root WebApplicationContext: initialization completed in 1097 ms
2019-03-20 13:20:57.097  INFO 6580 --- [restartedMain] com.zaxxer.hikari.HikariDataSource       : HikariPool-1 - Starting...
2019-03-20 13:20:57.228  INFO 6580 --- [restartedMain] com.zaxxer.hikari.HikariDataSource       : HikariPool-1 - Start completed.
2019-03-20 13:20:57.258  INFO 6580 --- [restartedMain] o.hibernate.jpa.internal.util.LogHelper  : HHH000204: Processing PersistenceUnitInfo [
	name: default
	...]
2019-03-20 13:20:57.295  INFO 6580 --- [restartedMain] org.hibernate.Version                    : HHH000412: Hibernate Core {5.3.7.Final}
2019-03-20 13:20:57.295  INFO 6580 --- [restartedMain] org.hibernate.cfg.Environment            : HHH000206: hibernate.properties not found
2019-03-20 13:20:57.376  INFO 6580 --- [restartedMain] o.hibernate.annotations.common.Version   : HCANN000001: Hibernate Commons Annotations {5.0.4.Final}
2019-03-20 13:20:57.462  INFO 6580 --- [restartedMain] org.hibernate.dialect.Dialect            : HHH000400: Using dialect: org.hibernate.dialect.PostgreSQL9Dialect
2019-03-20 13:20:57.615  INFO 6580 --- [restartedMain] o.h.e.j.e.i.LobCreatorBuilderImpl        : HHH000421: Disabling contextual LOB creation as hibernate.jdbc.lob.non_contextual_creation is true
2019-03-20 13:20:57.619  INFO 6580 --- [restartedMain] org.hibernate.type.BasicTypeRegistry     : HHH000270: Type registration [java.util.UUID] overrides previous : org.hibernate.type.UUIDBinaryType@533b4947
2019-03-20 13:20:58.038  INFO 6580 --- [restartedMain] j.LocalContainerEntityManagerFactoryBean : Initialized JPA EntityManagerFactory for persistence unit 'default'
2019-03-20 13:20:58.065  INFO 6580 --- [restartedMain] o.s.b.d.a.OptionalLiveReloadServer       : LiveReload server is running on port 35729
2019-03-20 13:20:58.414  INFO 6580 --- [restartedMain] o.s.s.web.DefaultSecurityFilterChain     : Creating filter chain: any request, [org.springframework.security.web.context.request.async.WebAsyncManagerIntegrationFilter@5684a567, org.springframework.security.web.context.SecurityContextPersistenceFilter@6c3dd628, org.springframework.security.web.header.HeaderWriterFilter@66c9ad18, org.springframework.security.web.csrf.CsrfFilter@750a6e, org.springframework.security.web.authentication.logout.LogoutFilter@176a188d, org.springframework.security.web.authentication.UsernamePasswordAuthenticationFilter@7cbab5b0, org.springframework.security.web.savedrequest.RequestCacheAwareFilter@38c6e2ea, org.springframework.security.web.servletapi.SecurityContextHolderAwareRequestFilter@2bde999a, org.springframework.security.web.authentication.AnonymousAuthenticationFilter@684fe0f8, org.springframework.security.web.session.SessionManagementFilter@17efc5ba, org.springframework.security.web.access.ExceptionTranslationFilter@27324961, org.springframework.security.web.access.intercept.FilterSecurityInterceptor@35140f69]
2019-03-20 13:20:58.532  INFO 6580 --- [restartedMain] o.s.s.concurrent.ThreadPoolTaskExecutor  : Initializing ExecutorService 'applicationTaskExecutor'
2019-03-20 13:20:58.557  WARN 6580 --- [restartedMain] aWebConfiguration$JpaWebMvcConfiguration : spring.jpa.open-in-view is enabled by default. Therefore, database queries may be performed during view rendering. Explicitly configure spring.jpa.open-in-view to disable this warning
2019-03-20 13:20:58.717  INFO 6580 --- [restartedMain] o.s.b.w.embedded.tomcat.TomcatWebServer  : Tomcat started on port(s): 8080 (http) with context path ''
2019-03-20 13:20:58.719  INFO 6580 --- [restartedMain] com.mkaz.website.WebsiteApplication      : Started WebsiteApplication in 3.071 seconds (JVM running for 6.648)
2019-03-20 13:21:29.851  INFO 6580 --- [http-nio-8080-exec-1] o.a.c.c.C.[Tomcat].[localhost].[/]       : Initializing Spring DispatcherServlet 'dispatcherServlet'
2019-03-20 13:21:29.851  INFO 6580 --- [http-nio-8080-exec-1] o.s.web.servlet.DispatcherServlet        : Initializing Servlet 'dispatcherServlet'
2019-03-20 13:21:29.856  INFO 6580 --- [http-nio-8080-exec-1] o.s.web.servlet.DispatcherServlet        : Completed initialization in 5 ms
2019-03-20 14:20:56.672  INFO 6024 --- [restartedMain] com.mkaz.website.WebsiteApplication      : Starting WebsiteApplication on WD140 with PID 6024 (C:\Users\Kazmyryk.M\IdeaProjects\website\target\classes started by Kazmyryk.M in C:\Users\Kazmyryk.M\IdeaProjects\website)
2019-03-20 14:20:56.672  INFO 6024 --- [restartedMain] com.mkaz.website.WebsiteApplication      : No active profile set, falling back to default profiles: default
2019-03-20 14:20:56.703  INFO 6024 --- [restartedMain] .e.DevToolsPropertyDefaultsPostProcessor : Devtools property defaults active! Set 'spring.devtools.add-properties' to 'false' to disable
2019-03-20 14:20:56.703  INFO 6024 --- [restartedMain] .e.DevToolsPropertyDefaultsPostProcessor : For additional web related logging consider setting the 'logging.level.web' property to 'DEBUG'
2019-03-20 14:20:57.140  INFO 6024 --- [restartedMain] .s.d.r.c.RepositoryConfigurationDelegate : Bootstrapping Spring Data repositories in DEFAULT mode.
2019-03-20 14:20:57.187  INFO 6024 --- [restartedMain] .s.d.r.c.RepositoryConfigurationDelegate : Finished Spring Data repository scanning in 47ms. Found 3 repository interfaces.
2019-03-20 14:20:57.421  INFO 6024 --- [restartedMain] trationDelegate$BeanPostProcessorChecker : Bean 'org.springframework.transaction.annotation.ProxyTransactionManagementConfiguration' of type [org.springframework.transaction.annotation.ProxyTransactionManagementConfiguration$$EnhancerBySpringCGLIB$$31c682de] is not eligible for getting processed by all BeanPostProcessors (for example: not eligible for auto-proxying)
2019-03-20 14:20:57.655  INFO 6024 --- [restartedMain] o.s.b.w.embedded.tomcat.TomcatWebServer  : Tomcat initialized with port(s): 8080 (http)
2019-03-20 14:20:57.670  INFO 6024 --- [restartedMain] o.apache.catalina.core.StandardService   : Starting service [Tomcat]
2019-03-20 14:20:57.670  INFO 6024 --- [restartedMain] org.apache.catalina.core.StandardEngine  : Starting Servlet Engine: Apache Tomcat/9.0.13
2019-03-20 14:20:57.686  INFO 6024 --- [restartedMain] o.a.catalina.core.AprLifecycleListener   : The APR based Apache Tomcat Native library which allows optimal performance in production environments was not found on the java.library.path: [D:\Kazmyryk\JDK64\bin;C:\Windows\Sun\Java\bin;C:\Windows\system32;C:\Windows;C:\Program Files (x86)\Intel\iCLS Client\;C:\Program Files\Intel\iCLS Client\;C:\Windows\system32;C:\Windows;C:\Windows\System32\Wbem;C:\Windows\System32\WindowsPowerShell\v1.0\;C:\Program Files (x86)\Intel\UCRT\;C:\Program Files\Intel\UCRT\;C:\Program Files (x86)\Intel\Intel(R) Management Engine Components\DAL;C:\Program Files\Intel\Intel(R) Management Engine Components\DAL;C:\Program Files (x86)\Intel\Intel(R) Management Engine Components\IPT;C:\Program Files\Intel\Intel(R) Management Engine Components\IPT;C:\Program Files\TortoiseSVN\bin;C:\Program Files (x86)\NVIDIA Corporation\PhysX\Common;.]
2019-03-20 14:20:57.748  INFO 6024 --- [restartedMain] o.a.c.c.C.[Tomcat].[localhost].[/]       : Initializing Spring embedded WebApplicationContext
2019-03-20 14:20:57.748  INFO 6024 --- [restartedMain] o.s.web.context.ContextLoader            : Root WebApplicationContext: initialization completed in 1045 ms
2019-03-20 14:20:57.842  INFO 6024 --- [restartedMain] com.zaxxer.hikari.HikariDataSource       : HikariPool-1 - Starting...
2019-03-20 14:20:57.967  INFO 6024 --- [restartedMain] com.zaxxer.hikari.HikariDataSource       : HikariPool-1 - Start completed.
2019-03-20 14:20:57.998  INFO 6024 --- [restartedMain] o.hibernate.jpa.internal.util.LogHelper  : HHH000204: Processing PersistenceUnitInfo [
	name: default
	...]
2019-03-20 14:20:58.029  INFO 6024 --- [restartedMain] org.hibernate.Version                    : HHH000412: Hibernate Core {5.3.7.Final}
2019-03-20 14:20:58.029  INFO 6024 --- [restartedMain] org.hibernate.cfg.Environment            : HHH000206: hibernate.properties not found
2019-03-20 14:20:58.107  INFO 6024 --- [restartedMain] o.hibernate.annotations.common.Version   : HCANN000001: Hibernate Commons Annotations {5.0.4.Final}
2019-03-20 14:20:58.185  INFO 6024 --- [restartedMain] org.hibernate.dialect.Dialect            : HHH000400: Using dialect: org.hibernate.dialect.PostgreSQL9Dialect
2019-03-20 14:20:58.341  INFO 6024 --- [restartedMain] o.h.e.j.e.i.LobCreatorBuilderImpl        : HHH000421: Disabling contextual LOB creation as hibernate.jdbc.lob.non_contextual_creation is true
2019-03-20 14:20:58.341  INFO 6024 --- [restartedMain] org.hibernate.type.BasicTypeRegistry     : HHH000270: Type registration [java.util.UUID] overrides previous : org.hibernate.type.UUIDBinaryType@4e33dd5f
2019-03-20 14:20:58.748  INFO 6024 --- [restartedMain] j.LocalContainerEntityManagerFactoryBean : Initialized JPA EntityManagerFactory for persistence unit 'default'
2019-03-20 14:20:58.779  INFO 6024 --- [restartedMain] o.s.b.d.a.OptionalLiveReloadServer       : LiveReload server is running on port 35729
2019-03-20 14:20:59.107  INFO 6024 --- [restartedMain] o.s.s.web.DefaultSecurityFilterChain     : Creating filter chain: any request, [org.springframework.security.web.context.request.async.WebAsyncManagerIntegrationFilter@4fbbb74, org.springframework.security.web.context.SecurityContextPersistenceFilter@5e83c8e4, org.springframework.security.web.header.HeaderWriterFilter@5ef91742, org.springframework.security.web.csrf.CsrfFilter@798cf916, org.springframework.security.web.authentication.logout.LogoutFilter@b0cf471, org.springframework.security.web.authentication.UsernamePasswordAuthenticationFilter@7a5ea629, org.springframework.security.web.savedrequest.RequestCacheAwareFilter@7f2b4b8f, org.springframework.security.web.servletapi.SecurityContextHolderAwareRequestFilter@1124c002, org.springframework.security.web.authentication.AnonymousAuthenticationFilter@76670caf, org.springframework.security.web.session.SessionManagementFilter@1ab83d09, org.springframework.security.web.access.ExceptionTranslationFilter@4388857c, org.springframework.security.web.access.intercept.FilterSecurityInterceptor@67ab9a8e]
2019-03-20 14:20:59.231  INFO 6024 --- [restartedMain] o.s.s.concurrent.ThreadPoolTaskExecutor  : Initializing ExecutorService 'applicationTaskExecutor'
2019-03-20 14:20:59.247  WARN 6024 --- [restartedMain] aWebConfiguration$JpaWebMvcConfiguration : spring.jpa.open-in-view is enabled by default. Therefore, database queries may be performed during view rendering. Explicitly configure spring.jpa.open-in-view to disable this warning
2019-03-20 14:20:59.403  INFO 6024 --- [restartedMain] o.s.b.w.embedded.tomcat.TomcatWebServer  : Tomcat started on port(s): 8080 (http) with context path ''
2019-03-20 14:20:59.403  INFO 6024 --- [restartedMain] com.mkaz.website.WebsiteApplication      : Started WebsiteApplication in 2.935 seconds (JVM running for 6.553)
2019-03-20 14:21:09.489  INFO 6024 --- [http-nio-8080-exec-1] o.a.c.c.C.[Tomcat].[localhost].[/]       : Initializing Spring DispatcherServlet 'dispatcherServlet'
2019-03-20 14:21:09.489  INFO 6024 --- [http-nio-8080-exec-1] o.s.web.servlet.DispatcherServlet        : Initializing Servlet 'dispatcherServlet'
2019-03-20 14:21:09.495  INFO 6024 --- [http-nio-8080-exec-1] o.s.web.servlet.DispatcherServlet        : Completed initialization in 6 ms
2019-03-20 14:23:08.639  INFO 6024 --- [Thread-11] o.s.s.concurrent.ThreadPoolTaskExecutor  : Shutting down ExecutorService 'applicationTaskExecutor'
2019-03-20 14:23:08.639  INFO 6024 --- [Thread-11] j.LocalContainerEntityManagerFactoryBean : Closing JPA EntityManagerFactory for persistence unit 'default'
2019-03-20 14:23:08.639  INFO 6024 --- [Thread-11] com.zaxxer.hikari.HikariDataSource       : HikariPool-1 - Shutdown initiated...
2019-03-20 14:23:08.655  INFO 6024 --- [Thread-11] com.zaxxer.hikari.HikariDataSource       : HikariPool-1 - Shutdown completed.
2019-03-20 14:23:12.045  INFO 6024 --- [restartedMain] com.mkaz.website.WebsiteApplication      : Starting WebsiteApplication on WD140 with PID 6024 (C:\Users\Kazmyryk.M\IdeaProjects\website\target\classes started by Kazmyryk.M in C:\Users\Kazmyryk.M\IdeaProjects\website)
2019-03-20 14:23:12.045  INFO 6024 --- [restartedMain] com.mkaz.website.WebsiteApplication      : No active profile set, falling back to default profiles: default
2019-03-20 14:23:12.201  INFO 6024 --- [restartedMain] .s.d.r.c.RepositoryConfigurationDelegate : Bootstrapping Spring Data repositories in DEFAULT mode.
2019-03-20 14:23:12.217  INFO 6024 --- [restartedMain] .s.d.r.c.RepositoryConfigurationDelegate : Finished Spring Data repository scanning in 16ms. Found 3 repository interfaces.
2019-03-20 14:23:12.263  INFO 6024 --- [restartedMain] trationDelegate$BeanPostProcessorChecker : Bean 'org.springframework.transaction.annotation.ProxyTransactionManagementConfiguration' of type [org.springframework.transaction.annotation.ProxyTransactionManagementConfiguration$$EnhancerBySpringCGLIB$$31c682de] is not eligible for getting processed by all BeanPostProcessors (for example: not eligible for auto-proxying)
2019-03-20 14:23:12.326  INFO 6024 --- [restartedMain] o.s.b.w.embedded.tomcat.TomcatWebServer  : Tomcat initialized with port(s): 8080 (http)
2019-03-20 14:23:12.326  INFO 6024 --- [restartedMain] o.apache.catalina.core.StandardService   : Starting service [Tomcat]
2019-03-20 14:23:12.326  INFO 6024 --- [restartedMain] org.apache.catalina.core.StandardEngine  : Starting Servlet Engine: Apache Tomcat/9.0.13
2019-03-20 14:23:12.326  INFO 6024 --- [restartedMain] o.a.c.c.C.[Tomcat].[localhost].[/]       : Initializing Spring embedded WebApplicationContext
2019-03-20 14:23:12.326  INFO 6024 --- [restartedMain] o.s.web.context.ContextLoader            : Root WebApplicationContext: initialization completed in 281 ms
2019-03-20 14:23:12.376  INFO 6024 --- [restartedMain] com.zaxxer.hikari.HikariDataSource       : HikariPool-2 - Starting...
2019-03-20 14:23:12.408  INFO 6024 --- [restartedMain] com.zaxxer.hikari.HikariDataSource       : HikariPool-2 - Start completed.
2019-03-20 14:23:12.412  INFO 6024 --- [restartedMain] o.hibernate.jpa.internal.util.LogHelper  : HHH000204: Processing PersistenceUnitInfo [
	name: default
	...]
2019-03-20 14:23:12.417  INFO 6024 --- [restartedMain] org.hibernate.dialect.Dialect            : HHH000400: Using dialect: org.hibernate.dialect.PostgreSQL9Dialect
2019-03-20 14:23:12.514  INFO 6024 --- [restartedMain] o.h.e.j.e.i.LobCreatorBuilderImpl        : HHH000421: Disabling contextual LOB creation as hibernate.jdbc.lob.non_contextual_creation is true
2019-03-20 14:23:12.514  INFO 6024 --- [restartedMain] org.hibernate.type.BasicTypeRegistry     : HHH000270: Type registration [java.util.UUID] overrides previous : org.hibernate.type.UUIDBinaryType@4e33dd5f
2019-03-20 14:23:12.598  INFO 6024 --- [restartedMain] j.LocalContainerEntityManagerFactoryBean : Initialized JPA EntityManagerFactory for persistence unit 'default'
2019-03-20 14:23:12.614  INFO 6024 --- [restartedMain] o.s.b.d.a.OptionalLiveReloadServer       : LiveReload server is running on port 35729
2019-03-20 14:23:12.692  INFO 6024 --- [restartedMain] o.s.s.web.DefaultSecurityFilterChain     : Creating filter chain: any request, [org.springframework.security.web.context.request.async.WebAsyncManagerIntegrationFilter@289b1412, org.springframework.security.web.context.SecurityContextPersistenceFilter@3fb98d0a, org.springframework.security.web.header.HeaderWriterFilter@5b2ec6e3, org.springframework.security.web.csrf.CsrfFilter@4be7cb00, org.springframework.security.web.authentication.logout.LogoutFilter@7154b585, org.springframework.security.web.authentication.UsernamePasswordAuthenticationFilter@358c3c1e, org.springframework.security.web.savedrequest.RequestCacheAwareFilter@9429809, org.springframework.security.web.servletapi.SecurityContextHolderAwareRequestFilter@24764e1c, org.springframework.security.web.authentication.AnonymousAuthenticationFilter@4eccd167, org.springframework.security.web.session.SessionManagementFilter@4a73e08f, org.springframework.security.web.access.ExceptionTranslationFilter@1674173b, org.springframework.security.web.access.intercept.FilterSecurityInterceptor@4f0656c8]
2019-03-20 14:23:12.738  INFO 6024 --- [restartedMain] o.s.s.concurrent.ThreadPoolTaskExecutor  : Initializing ExecutorService 'applicationTaskExecutor'
2019-03-20 14:23:12.738  WARN 6024 --- [restartedMain] aWebConfiguration$JpaWebMvcConfiguration : spring.jpa.open-in-view is enabled by default. Therefore, database queries may be performed during view rendering. Explicitly configure spring.jpa.open-in-view to disable this warning
2019-03-20 14:23:12.811  INFO 6024 --- [restartedMain] o.s.b.w.embedded.tomcat.TomcatWebServer  : Tomcat started on port(s): 8080 (http) with context path ''
2019-03-20 14:23:12.811  INFO 6024 --- [restartedMain] com.mkaz.website.WebsiteApplication      : Started WebsiteApplication in 0.782 seconds (JVM running for 139.955)
2019-03-20 14:23:12.813  INFO 6024 --- [restartedMain] .ConditionEvaluationDeltaLoggingListener : Condition evaluation unchanged
2019-03-20 14:23:13.008  INFO 6024 --- [http-nio-8080-exec-1] o.a.c.c.C.[Tomcat].[localhost].[/]       : Initializing Spring DispatcherServlet 'dispatcherServlet'
2019-03-20 14:23:13.008  INFO 6024 --- [http-nio-8080-exec-1] o.s.web.servlet.DispatcherServlet        : Initializing Servlet 'dispatcherServlet'
2019-03-20 14:23:13.012  INFO 6024 --- [http-nio-8080-exec-1] o.s.web.servlet.DispatcherServlet        : Completed initialization in 4 ms
2019-03-20 14:25:29.168  INFO 7576 --- [restartedMain] com.mkaz.website.WebsiteApplication      : Starting WebsiteApplication on WD140 with PID 7576 (C:\Users\Kazmyryk.M\IdeaProjects\website\target\classes started by Kazmyryk.M in C:\Users\Kazmyryk.M\IdeaProjects\website)
2019-03-20 14:25:29.168  INFO 7576 --- [restartedMain] com.mkaz.website.WebsiteApplication      : No active profile set, falling back to default profiles: default
2019-03-20 14:25:29.199  INFO 7576 --- [restartedMain] .e.DevToolsPropertyDefaultsPostProcessor : Devtools property defaults active! Set 'spring.devtools.add-properties' to 'false' to disable
2019-03-20 14:25:29.199  INFO 7576 --- [restartedMain] .e.DevToolsPropertyDefaultsPostProcessor : For additional web related logging consider setting the 'logging.level.web' property to 'DEBUG'
2019-03-20 14:25:29.652  INFO 7576 --- [restartedMain] .s.d.r.c.RepositoryConfigurationDelegate : Bootstrapping Spring Data repositories in DEFAULT mode.
2019-03-20 14:25:29.698  INFO 7576 --- [restartedMain] .s.d.r.c.RepositoryConfigurationDelegate : Finished Spring Data repository scanning in 31ms. Found 3 repository interfaces.
2019-03-20 14:25:29.948  INFO 7576 --- [restartedMain] trationDelegate$BeanPostProcessorChecker : Bean 'org.springframework.transaction.annotation.ProxyTransactionManagementConfiguration' of type [org.springframework.transaction.annotation.ProxyTransactionManagementConfiguration$$EnhancerBySpringCGLIB$$13982f91] is not eligible for getting processed by all BeanPostProcessors (for example: not eligible for auto-proxying)
2019-03-20 14:25:30.207  INFO 7576 --- [restartedMain] o.s.b.w.embedded.tomcat.TomcatWebServer  : Tomcat initialized with port(s): 8080 (http)
2019-03-20 14:25:30.207  INFO 7576 --- [restartedMain] o.apache.catalina.core.StandardService   : Starting service [Tomcat]
2019-03-20 14:25:30.207  INFO 7576 --- [restartedMain] org.apache.catalina.core.StandardEngine  : Starting Servlet Engine: Apache Tomcat/9.0.13
2019-03-20 14:25:30.222  INFO 7576 --- [restartedMain] o.a.catalina.core.AprLifecycleListener   : The APR based Apache Tomcat Native library which allows optimal performance in production environments was not found on the java.library.path: [D:\Kazmyryk\JDK64\bin;C:\Windows\Sun\Java\bin;C:\Windows\system32;C:\Windows;C:\Program Files (x86)\Intel\iCLS Client\;C:\Program Files\Intel\iCLS Client\;C:\Windows\system32;C:\Windows;C:\Windows\System32\Wbem;C:\Windows\System32\WindowsPowerShell\v1.0\;C:\Program Files (x86)\Intel\UCRT\;C:\Program Files\Intel\UCRT\;C:\Program Files (x86)\Intel\Intel(R) Management Engine Components\DAL;C:\Program Files\Intel\Intel(R) Management Engine Components\DAL;C:\Program Files (x86)\Intel\Intel(R) Management Engine Components\IPT;C:\Program Files\Intel\Intel(R) Management Engine Components\IPT;C:\Program Files\TortoiseSVN\bin;C:\Program Files (x86)\NVIDIA Corporation\PhysX\Common;.]
2019-03-20 14:25:30.285  INFO 7576 --- [restartedMain] o.a.c.c.C.[Tomcat].[localhost].[/]       : Initializing Spring embedded WebApplicationContext
2019-03-20 14:25:30.285  INFO 7576 --- [restartedMain] o.s.web.context.ContextLoader            : Root WebApplicationContext: initialization completed in 1086 ms
2019-03-20 14:25:30.392  INFO 7576 --- [restartedMain] com.zaxxer.hikari.HikariDataSource       : HikariPool-1 - Starting...
2019-03-20 14:25:30.518  INFO 7576 --- [restartedMain] com.zaxxer.hikari.HikariDataSource       : HikariPool-1 - Start completed.
2019-03-20 14:25:30.536  INFO 7576 --- [restartedMain] o.hibernate.jpa.internal.util.LogHelper  : HHH000204: Processing PersistenceUnitInfo [
	name: default
	...]
2019-03-20 14:25:30.583  INFO 7576 --- [restartedMain] org.hibernate.Version                    : HHH000412: Hibernate Core {5.3.7.Final}
2019-03-20 14:25:30.583  INFO 7576 --- [restartedMain] org.hibernate.cfg.Environment            : HHH000206: hibernate.properties not found
2019-03-20 14:25:30.668  INFO 7576 --- [restartedMain] o.hibernate.annotations.common.Version   : HCANN000001: Hibernate Commons Annotations {5.0.4.Final}
2019-03-20 14:25:30.754  INFO 7576 --- [restartedMain] org.hibernate.dialect.Dialect            : HHH000400: Using dialect: org.hibernate.dialect.PostgreSQL9Dialect
2019-03-20 14:25:30.905  INFO 7576 --- [restartedMain] o.h.e.j.e.i.LobCreatorBuilderImpl        : HHH000421: Disabling contextual LOB creation as hibernate.jdbc.lob.non_contextual_creation is true
2019-03-20 14:25:30.908  INFO 7576 --- [restartedMain] org.hibernate.type.BasicTypeRegistry     : HHH000270: Type registration [java.util.UUID] overrides previous : org.hibernate.type.UUIDBinaryType@2173ce25
2019-03-20 14:25:31.331  INFO 7576 --- [restartedMain] j.LocalContainerEntityManagerFactoryBean : Initialized JPA EntityManagerFactory for persistence unit 'default'
2019-03-20 14:25:31.347  INFO 7576 --- [restartedMain] o.s.b.d.a.OptionalLiveReloadServer       : LiveReload server is running on port 35729
2019-03-20 14:25:31.690  INFO 7576 --- [restartedMain] o.s.s.web.DefaultSecurityFilterChain     : Creating filter chain: any request, [org.springframework.security.web.context.request.async.WebAsyncManagerIntegrationFilter@3742725a, org.springframework.security.web.context.SecurityContextPersistenceFilter@594ee557, org.springframework.security.web.header.HeaderWriterFilter@1750da4c, org.springframework.security.web.csrf.CsrfFilter@68a7f03d, org.springframework.security.web.authentication.logout.LogoutFilter@25fcfb2f, org.springframework.security.web.authentication.UsernamePasswordAuthenticationFilter@6d2feeba, org.springframework.security.web.savedrequest.RequestCacheAwareFilter@3b31c381, org.springframework.security.web.servletapi.SecurityContextHolderAwareRequestFilter@400ca3e, org.springframework.security.web.authentication.AnonymousAuthenticationFilter@46cccf8, org.springframework.security.web.session.SessionManagementFilter@4f4ffa42, org.springframework.security.web.access.ExceptionTranslationFilter@47d06806, org.springframework.security.web.access.intercept.FilterSecurityInterceptor@601d323a]
2019-03-20 14:25:31.800  INFO 7576 --- [restartedMain] o.s.s.concurrent.ThreadPoolTaskExecutor  : Initializing ExecutorService 'applicationTaskExecutor'
2019-03-20 14:25:31.816  WARN 7576 --- [restartedMain] aWebConfiguration$JpaWebMvcConfiguration : spring.jpa.open-in-view is enabled by default. Therefore, database queries may be performed during view rendering. Explicitly configure spring.jpa.open-in-view to disable this warning
2019-03-20 14:25:32.016  INFO 7576 --- [restartedMain] o.s.b.w.embedded.tomcat.TomcatWebServer  : Tomcat started on port(s): 8080 (http) with context path ''
2019-03-20 14:25:32.018  INFO 7576 --- [restartedMain] com.mkaz.website.WebsiteApplication      : Started WebsiteApplication in 3.068 seconds (JVM running for 6.649)
2019-03-20 14:25:40.267  INFO 7576 --- [http-nio-8080-exec-1] o.a.c.c.C.[Tomcat].[localhost].[/]       : Initializing Spring DispatcherServlet 'dispatcherServlet'
2019-03-20 14:25:40.267  INFO 7576 --- [http-nio-8080-exec-1] o.s.web.servlet.DispatcherServlet        : Initializing Servlet 'dispatcherServlet'
2019-03-20 14:25:40.273  INFO 7576 --- [http-nio-8080-exec-1] o.s.web.servlet.DispatcherServlet        : Completed initialization in 5 ms
2019-03-20 14:28:46.725  INFO 844 --- [restartedMain] com.mkaz.website.WebsiteApplication      : Starting WebsiteApplication on WD140 with PID 844 (C:\Users\Kazmyryk.M\IdeaProjects\website\target\classes started by Kazmyryk.M in C:\Users\Kazmyryk.M\IdeaProjects\website)
2019-03-20 14:28:46.725  INFO 844 --- [restartedMain] com.mkaz.website.WebsiteApplication      : No active profile set, falling back to default profiles: default
2019-03-20 14:28:46.756  INFO 844 --- [restartedMain] .e.DevToolsPropertyDefaultsPostProcessor : Devtools property defaults active! Set 'spring.devtools.add-properties' to 'false' to disable
2019-03-20 14:28:46.756  INFO 844 --- [restartedMain] .e.DevToolsPropertyDefaultsPostProcessor : For additional web related logging consider setting the 'logging.level.web' property to 'DEBUG'
2019-03-20 14:28:47.193  INFO 844 --- [restartedMain] .s.d.r.c.RepositoryConfigurationDelegate : Bootstrapping Spring Data repositories in DEFAULT mode.
2019-03-20 14:28:47.240  INFO 844 --- [restartedMain] .s.d.r.c.RepositoryConfigurationDelegate : Finished Spring Data repository scanning in 31ms. Found 3 repository interfaces.
2019-03-20 14:28:47.489  INFO 844 --- [restartedMain] trationDelegate$BeanPostProcessorChecker : Bean 'org.springframework.transaction.annotation.ProxyTransactionManagementConfiguration' of type [org.springframework.transaction.annotation.ProxyTransactionManagementConfiguration$$EnhancerBySpringCGLIB$$609d6210] is not eligible for getting processed by all BeanPostProcessors (for example: not eligible for auto-proxying)
2019-03-20 14:28:47.708  INFO 844 --- [restartedMain] o.s.b.w.embedded.tomcat.TomcatWebServer  : Tomcat initialized with port(s): 8080 (http)
2019-03-20 14:28:47.723  INFO 844 --- [restartedMain] o.apache.catalina.core.StandardService   : Starting service [Tomcat]
2019-03-20 14:28:47.723  INFO 844 --- [restartedMain] org.apache.catalina.core.StandardEngine  : Starting Servlet Engine: Apache Tomcat/9.0.13
2019-03-20 14:28:47.723  INFO 844 --- [restartedMain] o.a.catalina.core.AprLifecycleListener   : The APR based Apache Tomcat Native library which allows optimal performance in production environments was not found on the java.library.path: [D:\Kazmyryk\JDK64\bin;C:\Windows\Sun\Java\bin;C:\Windows\system32;C:\Windows;C:\Program Files (x86)\Intel\iCLS Client\;C:\Program Files\Intel\iCLS Client\;C:\Windows\system32;C:\Windows;C:\Windows\System32\Wbem;C:\Windows\System32\WindowsPowerShell\v1.0\;C:\Program Files (x86)\Intel\UCRT\;C:\Program Files\Intel\UCRT\;C:\Program Files (x86)\Intel\Intel(R) Management Engine Components\DAL;C:\Program Files\Intel\Intel(R) Management Engine Components\DAL;C:\Program Files (x86)\Intel\Intel(R) Management Engine Components\IPT;C:\Program Files\Intel\Intel(R) Management Engine Components\IPT;C:\Program Files\TortoiseSVN\bin;C:\Program Files (x86)\NVIDIA Corporation\PhysX\Common;.]
2019-03-20 14:28:47.801  INFO 844 --- [restartedMain] o.a.c.c.C.[Tomcat].[localhost].[/]       : Initializing Spring embedded WebApplicationContext
2019-03-20 14:28:47.801  INFO 844 --- [restartedMain] o.s.web.context.ContextLoader            : Root WebApplicationContext: initialization completed in 1045 ms
2019-03-20 14:28:47.895  INFO 844 --- [restartedMain] com.zaxxer.hikari.HikariDataSource       : HikariPool-1 - Starting...
2019-03-20 14:28:48.020  INFO 844 --- [restartedMain] com.zaxxer.hikari.HikariDataSource       : HikariPool-1 - Start completed.
2019-03-20 14:28:48.051  INFO 844 --- [restartedMain] o.hibernate.jpa.internal.util.LogHelper  : HHH000204: Processing PersistenceUnitInfo [
	name: default
	...]
2019-03-20 14:28:48.082  INFO 844 --- [restartedMain] org.hibernate.Version                    : HHH000412: Hibernate Core {5.3.7.Final}
2019-03-20 14:28:48.082  INFO 844 --- [restartedMain] org.hibernate.cfg.Environment            : HHH000206: hibernate.properties not found
2019-03-20 14:28:48.160  INFO 844 --- [restartedMain] o.hibernate.annotations.common.Version   : HCANN000001: Hibernate Commons Annotations {5.0.4.Final}
2019-03-20 14:28:48.238  INFO 844 --- [restartedMain] org.hibernate.dialect.Dialect            : HHH000400: Using dialect: org.hibernate.dialect.PostgreSQL9Dialect
2019-03-20 14:28:48.394  INFO 844 --- [restartedMain] o.h.e.j.e.i.LobCreatorBuilderImpl        : HHH000421: Disabling contextual LOB creation as hibernate.jdbc.lob.non_contextual_creation is true
2019-03-20 14:28:48.394  INFO 844 --- [restartedMain] org.hibernate.type.BasicTypeRegistry     : HHH000270: Type registration [java.util.UUID] overrides previous : org.hibernate.type.UUIDBinaryType@1e8bc3ad
2019-03-20 14:28:48.800  INFO 844 --- [restartedMain] j.LocalContainerEntityManagerFactoryBean : Initialized JPA EntityManagerFactory for persistence unit 'default'
2019-03-20 14:28:48.815  INFO 844 --- [restartedMain] o.s.b.d.a.OptionalLiveReloadServer       : LiveReload server is running on port 35729
2019-03-20 14:28:49.143  INFO 844 --- [restartedMain] o.s.s.web.DefaultSecurityFilterChain     : Creating filter chain: any request, [org.springframework.security.web.context.request.async.WebAsyncManagerIntegrationFilter@53577d47, org.springframework.security.web.context.SecurityContextPersistenceFilter@1965d85f, org.springframework.security.web.header.HeaderWriterFilter@3e7866c8, org.springframework.security.web.csrf.CsrfFilter@17852bfc, org.springframework.security.web.authentication.logout.LogoutFilter@2c36410f, org.springframework.security.web.authentication.UsernamePasswordAuthenticationFilter@38996123, org.springframework.security.web.savedrequest.RequestCacheAwareFilter@a4afb40, org.springframework.security.web.servletapi.SecurityContextHolderAwareRequestFilter@15d612c1, org.springframework.security.web.authentication.AnonymousAuthenticationFilter@5d8b5675, org.springframework.security.web.session.SessionManagementFilter@62ad310, org.springframework.security.web.access.ExceptionTranslationFilter@437d82ae, org.springframework.security.web.access.intercept.FilterSecurityInterceptor@7231e461]
2019-03-20 14:28:49.252  INFO 844 --- [restartedMain] o.s.s.concurrent.ThreadPoolTaskExecutor  : Initializing ExecutorService 'applicationTaskExecutor'
2019-03-20 14:28:49.283  WARN 844 --- [restartedMain] aWebConfiguration$JpaWebMvcConfiguration : spring.jpa.open-in-view is enabled by default. Therefore, database queries may be performed during view rendering. Explicitly configure spring.jpa.open-in-view to disable this warning
2019-03-20 14:28:49.424  INFO 844 --- [restartedMain] o.s.b.w.embedded.tomcat.TomcatWebServer  : Tomcat started on port(s): 8080 (http) with context path ''
2019-03-20 14:28:49.439  INFO 844 --- [restartedMain] com.mkaz.website.WebsiteApplication      : Started WebsiteApplication in 2.918 seconds (JVM running for 6.469)
2019-03-20 14:28:57.174  INFO 844 --- [http-nio-8080-exec-1] o.a.c.c.C.[Tomcat].[localhost].[/]       : Initializing Spring DispatcherServlet 'dispatcherServlet'
2019-03-20 14:28:57.175  INFO 844 --- [http-nio-8080-exec-1] o.s.web.servlet.DispatcherServlet        : Initializing Servlet 'dispatcherServlet'
2019-03-20 14:28:57.181  INFO 844 --- [http-nio-8080-exec-1] o.s.web.servlet.DispatcherServlet        : Completed initialization in 6 ms
2019-03-20 14:37:53.034  INFO 5632 --- [restartedMain] com.mkaz.website.WebsiteApplication      : Starting WebsiteApplication on WD140 with PID 5632 (C:\Users\Kazmyryk.M\IdeaProjects\website\target\classes started by Kazmyryk.M in C:\Users\Kazmyryk.M\IdeaProjects\website)
2019-03-20 14:37:53.034  INFO 5632 --- [restartedMain] com.mkaz.website.WebsiteApplication      : No active profile set, falling back to default profiles: default
2019-03-20 14:37:53.065  INFO 5632 --- [restartedMain] .e.DevToolsPropertyDefaultsPostProcessor : Devtools property defaults active! Set 'spring.devtools.add-properties' to 'false' to disable
2019-03-20 14:37:53.065  INFO 5632 --- [restartedMain] .e.DevToolsPropertyDefaultsPostProcessor : For additional web related logging consider setting the 'logging.level.web' property to 'DEBUG'
2019-03-20 14:37:53.502  INFO 5632 --- [restartedMain] .s.d.r.c.RepositoryConfigurationDelegate : Bootstrapping Spring Data repositories in DEFAULT mode.
2019-03-20 14:37:53.549  INFO 5632 --- [restartedMain] .s.d.r.c.RepositoryConfigurationDelegate : Finished Spring Data repository scanning in 47ms. Found 3 repository interfaces.
2019-03-20 14:37:53.799  INFO 5632 --- [restartedMain] trationDelegate$BeanPostProcessorChecker : Bean 'org.springframework.transaction.annotation.ProxyTransactionManagementConfiguration' of type [org.springframework.transaction.annotation.ProxyTransactionManagementConfiguration$$EnhancerBySpringCGLIB$$dae86d65] is not eligible for getting processed by all BeanPostProcessors (for example: not eligible for auto-proxying)
2019-03-20 14:37:54.033  INFO 5632 --- [restartedMain] o.s.b.w.embedded.tomcat.TomcatWebServer  : Tomcat initialized with port(s): 8080 (http)
2019-03-20 14:37:54.033  INFO 5632 --- [restartedMain] o.apache.catalina.core.StandardService   : Starting service [Tomcat]
2019-03-20 14:37:54.033  INFO 5632 --- [restartedMain] org.apache.catalina.core.StandardEngine  : Starting Servlet Engine: Apache Tomcat/9.0.13
2019-03-20 14:37:54.048  INFO 5632 --- [restartedMain] o.a.catalina.core.AprLifecycleListener   : The APR based Apache Tomcat Native library which allows optimal performance in production environments was not found on the java.library.path: [D:\Kazmyryk\JDK64\bin;C:\Windows\Sun\Java\bin;C:\Windows\system32;C:\Windows;C:\Program Files (x86)\Intel\iCLS Client\;C:\Program Files\Intel\iCLS Client\;C:\Windows\system32;C:\Windows;C:\Windows\System32\Wbem;C:\Windows\System32\WindowsPowerShell\v1.0\;C:\Program Files (x86)\Intel\UCRT\;C:\Program Files\Intel\UCRT\;C:\Program Files (x86)\Intel\Intel(R) Management Engine Components\DAL;C:\Program Files\Intel\Intel(R) Management Engine Components\DAL;C:\Program Files (x86)\Intel\Intel(R) Management Engine Components\IPT;C:\Program Files\Intel\Intel(R) Management Engine Components\IPT;C:\Program Files\TortoiseSVN\bin;C:\Program Files (x86)\NVIDIA Corporation\PhysX\Common;.]
2019-03-20 14:37:54.111  INFO 5632 --- [restartedMain] o.a.c.c.C.[Tomcat].[localhost].[/]       : Initializing Spring embedded WebApplicationContext
2019-03-20 14:37:54.111  INFO 5632 --- [restartedMain] o.s.web.context.ContextLoader            : Root WebApplicationContext: initialization completed in 1046 ms
2019-03-20 14:37:54.204  INFO 5632 --- [restartedMain] com.zaxxer.hikari.HikariDataSource       : HikariPool-1 - Starting...
2019-03-20 14:37:54.313  INFO 5632 --- [restartedMain] com.zaxxer.hikari.HikariDataSource       : HikariPool-1 - Start completed.
2019-03-20 14:37:54.345  INFO 5632 --- [restartedMain] o.hibernate.jpa.internal.util.LogHelper  : HHH000204: Processing PersistenceUnitInfo [
	name: default
	...]
2019-03-20 14:37:54.391  INFO 5632 --- [restartedMain] org.hibernate.Version                    : HHH000412: Hibernate Core {5.3.7.Final}
2019-03-20 14:37:54.391  INFO 5632 --- [restartedMain] org.hibernate.cfg.Environment            : HHH000206: hibernate.properties not found
2019-03-20 14:37:54.454  INFO 5632 --- [restartedMain] o.hibernate.annotations.common.Version   : HCANN000001: Hibernate Commons Annotations {5.0.4.Final}
2019-03-20 14:37:54.547  INFO 5632 --- [restartedMain] org.hibernate.dialect.Dialect            : HHH000400: Using dialect: org.hibernate.dialect.PostgreSQL9Dialect
2019-03-20 14:37:54.688  INFO 5632 --- [restartedMain] o.h.e.j.e.i.LobCreatorBuilderImpl        : HHH000421: Disabling contextual LOB creation as hibernate.jdbc.lob.non_contextual_creation is true
2019-03-20 14:37:54.688  INFO 5632 --- [restartedMain] org.hibernate.type.BasicTypeRegistry     : HHH000270: Type registration [java.util.UUID] overrides previous : org.hibernate.type.UUIDBinaryType@4cd64b8b
2019-03-20 14:37:55.109  INFO 5632 --- [restartedMain] j.LocalContainerEntityManagerFactoryBean : Initialized JPA EntityManagerFactory for persistence unit 'default'
2019-03-20 14:37:55.125  INFO 5632 --- [restartedMain] o.s.b.d.a.OptionalLiveReloadServer       : LiveReload server is running on port 35729
2019-03-20 14:37:55.468  INFO 5632 --- [restartedMain] o.s.s.web.DefaultSecurityFilterChain     : Creating filter chain: any request, [org.springframework.security.web.context.request.async.WebAsyncManagerIntegrationFilter@431a5dd8, org.springframework.security.web.context.SecurityContextPersistenceFilter@3ec10db, org.springframework.security.web.header.HeaderWriterFilter@6c65271b, org.springframework.security.web.csrf.CsrfFilter@60858ceb, org.springframework.security.web.authentication.logout.LogoutFilter@41f0a597, org.springframework.security.web.authentication.UsernamePasswordAuthenticationFilter@42155871, org.springframework.security.web.savedrequest.RequestCacheAwareFilter@24d8121c, org.springframework.security.web.servletapi.SecurityContextHolderAwareRequestFilter@4ebd888a, org.springframework.security.web.authentication.AnonymousAuthenticationFilter@30d9899d, org.springframework.security.web.session.SessionManagementFilter@7e848599, org.springframework.security.web.access.ExceptionTranslationFilter@c15624f, org.springframework.security.web.access.intercept.FilterSecurityInterceptor@479d906f]
2019-03-20 14:37:55.593  INFO 5632 --- [restartedMain] o.s.s.concurrent.ThreadPoolTaskExecutor  : Initializing ExecutorService 'applicationTaskExecutor'
2019-03-20 14:37:55.608  WARN 5632 --- [restartedMain] aWebConfiguration$JpaWebMvcConfiguration : spring.jpa.open-in-view is enabled by default. Therefore, database queries may be performed during view rendering. Explicitly configure spring.jpa.open-in-view to disable this warning
2019-03-20 14:37:55.782  INFO 5632 --- [restartedMain] o.s.b.w.embedded.tomcat.TomcatWebServer  : Tomcat started on port(s): 8080 (http) with context path ''
2019-03-20 14:37:55.782  INFO 5632 --- [restartedMain] com.mkaz.website.WebsiteApplication      : Started WebsiteApplication in 2.966 seconds (JVM running for 6.638)
2019-03-20 14:38:00.273  INFO 5632 --- [http-nio-8080-exec-1] o.a.c.c.C.[Tomcat].[localhost].[/]       : Initializing Spring DispatcherServlet 'dispatcherServlet'
2019-03-20 14:38:00.274  INFO 5632 --- [http-nio-8080-exec-1] o.s.web.servlet.DispatcherServlet        : Initializing Servlet 'dispatcherServlet'
2019-03-20 14:38:00.279  INFO 5632 --- [http-nio-8080-exec-1] o.s.web.servlet.DispatcherServlet        : Completed initialization in 5 ms
